0 info it worked if it ends with ok
1 verbose cli [ 'node', '/usr/local/bin/npm', 'install', 'jasmine-node', '-g' ]
2 info using npm@1.1.65
3 info using node@v0.8.14
4 verbose read json /usr/local/lib/package.json
5 verbose read json /usr/local/lib/package.json
6 verbose cache add [ 'jasmine-node', null ]
7 silly cache add name=undefined spec="jasmine-node" args=["jasmine-node",null]
8 verbose parsed url { pathname: 'jasmine-node',
8 verbose parsed url   path: 'jasmine-node',
8 verbose parsed url   href: 'jasmine-node' }
9 silly lockFile bba04ce4-jasmine-node jasmine-node
10 verbose lock jasmine-node /Users/timmyschiller/.npm/bba04ce4-jasmine-node.lock
11 silly lockFile bba04ce4-jasmine-node jasmine-node
12 verbose addNamed [ 'jasmine-node', '' ]
13 verbose addNamed [ null, '' ]
14 silly lockFile b74de4f8-jasmine-node jasmine-node@
15 verbose lock jasmine-node@ /Users/timmyschiller/.npm/b74de4f8-jasmine-node.lock
16 silly addNameRange { name: 'jasmine-node', range: '', hasData: false }
17 verbose url raw jasmine-node
18 verbose url resolving [ 'https://registry.npmjs.org/', './jasmine-node' ]
19 verbose url resolved https://registry.npmjs.org/jasmine-node
20 info trying registry request attempt 1 at 10:02:36
21 verbose etag "EZJRHMCQV76YS9RKOPT1M9PMH"
22 http GET https://registry.npmjs.org/jasmine-node
23 http 304 https://registry.npmjs.org/jasmine-node
24 silly registry.get cb [ 304,
24 silly registry.get   { server: 'CouchDB/1.2.0 (Erlang OTP/R15B)',
24 silly registry.get     etag: '"EZJRHMCQV76YS9RKOPT1M9PMH"',
24 silly registry.get     date: 'Tue, 08 Jan 2013 18:01:14 GMT',
24 silly registry.get     'content-length': '0' } ]
25 verbose etag jasmine-node from cache
26 silly addNameRange number 2 { name: 'jasmine-node', range: '', hasData: true }
27 silly addNameRange versions [ 'jasmine-node',
27 silly addNameRange   [ '1.0.0rc1',
27 silly addNameRange     '1.0.0rc2',
27 silly addNameRange     '1.0.0rc3',
27 silly addNameRange     '1.0.1',
27 silly addNameRange     '1.0.2',
27 silly addNameRange     '1.0.3',
27 silly addNameRange     '1.0.4',
27 silly addNameRange     '1.0.5',
27 silly addNameRange     '1.0.6',
27 silly addNameRange     '1.0.7',
27 silly addNameRange     '1.0.8',
27 silly addNameRange     '1.0.9',
27 silly addNameRange     '1.0.10',
27 silly addNameRange     '1.0.11',
27 silly addNameRange     '1.0.12',
27 silly addNameRange     '1.0.13',
27 silly addNameRange     '1.0.15',
27 silly addNameRange     '1.0.16',
27 silly addNameRange     '1.0.17',
27 silly addNameRange     '1.0.18',
27 silly addNameRange     '1.0.19',
27 silly addNameRange     '1.0.20',
27 silly addNameRange     '1.0.21',
27 silly addNameRange     '1.0.22',
27 silly addNameRange     '1.0.23',
27 silly addNameRange     '1.0.24',
27 silly addNameRange     '1.0.25',
27 silly addNameRange     '1.0.26',
27 silly addNameRange     '1.0.27',
27 silly addNameRange     '1.0.28' ] ]
28 verbose addNamed [ 'jasmine-node', '1.0.28' ]
29 verbose addNamed [ '1.0.28', '1.0.28' ]
30 silly lockFile 26911f9b-jasmine-node-1-0-28 jasmine-node@1.0.28
31 verbose lock jasmine-node@1.0.28 /Users/timmyschiller/.npm/26911f9b-jasmine-node-1-0-28.lock
32 verbose read json /Users/timmyschiller/.npm/jasmine-node/1.0.28/package/package.json
33 silly lockFile 26911f9b-jasmine-node-1-0-28 jasmine-node@1.0.28
34 silly lockFile b74de4f8-jasmine-node jasmine-node@
35 silly resolved [ { name: 'jasmine-node',
35 silly resolved     version: '1.0.28',
35 silly resolved     description: 'DOM-less simple JavaScript BDD testing framework for Node',
35 silly resolved     homepage:
35 silly resolved      [ 'http://pivotal.github.com/jasmine',
35 silly resolved        'https://github.com/mhevery/jasmine-node' ],
35 silly resolved     repository:
35 silly resolved      { type: 'git',
35 silly resolved        url: 'https://github.com/mhevery/jasmine-node.git' },
35 silly resolved     keywords: [ 'testing', 'bdd' ],
35 silly resolved     author: { name: 'Misko Hevery', email: 'misko@hevery.com' },
35 silly resolved     contributors: [ [Object] ],
35 silly resolved     maintainers: 'Martin Häger <martin.haeger@gmail.com>',
35 silly resolved     licenses: [ 'MIT' ],
35 silly resolved     dependencies:
35 silly resolved      { 'coffee-script': '>=1.0.1',
35 silly resolved        'jasmine-reporters': '>=0.2.0',
35 silly resolved        requirejs: '>=0.27.1',
35 silly resolved        walkdir: '>= 0.0.1',
35 silly resolved        underscore: '>= 1.3.1' },
35 silly resolved     bin: { 'jasmine-node': 'bin/jasmine-node' },
35 silly resolved     preferGlobal: true,
35 silly resolved     main: 'lib/jasmine-node',
35 silly resolved     scripts: { test: 'node lib/jasmine-node/cli.js spec' },
35 silly resolved     readme: 'jasmine-node\n======\n\n[![Build Status](https://secure.travis-ci.org/spaghetticode/jasmine-node.png)](http://travis-ci.org/spaghetticode/jasmine-node)\n\nThis node.js module makes the wonderful Pivotal Lab\'s jasmine\n(http://github.com/pivotal/jasmine) spec framework available in\nnode.js.\n\ninstall\n------\n    npm install jasmine-node -g\n\nusage\n------\n\nWrite the specifications for your code in *.js and *.coffee files in the\nspec/ directory (note: your specification files must end with either\n.spec.js or .spec.coffee; otherwise jasmine-node won\'t find them!). You\ncan use sub-directories to better organise your specs.\n\nIf you have installed the npm package, you can run it with:\n\n    jasmine-node spec/\n\nIf you aren\'t using npm, you should add `pwd`/lib to the $NODE_PATH\nenvironment variable, then run:\n\n    node lib/jasmine-node/cli.js\n\n\nYou can supply the following arguments:\n\n  * <code>--autotest</code>, provides automatic execution of specs after\n    each changes\n  * <code>--coffee</code>, allow execution of .coffee specs\n  * <code>--color</code>, indicates spec output should uses color to\nindicates passing (green) or failing (red) specs\n  * <code>--noColor</code>, do not use color in the output\n  * <code>--verbose</code>, verbose output as the specs are run\n  * <code>--junitreport</code>, export tests results as junitreport xml format\'\n\nCheckout spec/SampleSpecs.js to see how to use it.\n\nasync tests\n-----------\n\njasmine-node includes an alternate syntax for writing asynchronous tests. Accepting\na done callback in the specification will trigger jasmine-node to run the test\nasynchronously waiting until the done() callback is called.\n\n```javascript\n    it("should respond with hello world", function(done) {\n      request("http://localhost:3000/hello", function(error, response, body){\n        expect(body).toEqual("hello world");\n        done();\n      });\n    });\n```\n\nAn asynchronous test will fail after 5000 ms if done() is not called. This timeout\ncan be changed by setting jasmine.DEFAULT_TIMEOUT_INTERVAL or by passing a timeout\ninterval in the specification.\n\n    it("should respond with hello world", function(done) {\n      request("http://localhost:3000/hello", function(error, response, body){\n        done();\n      }, 250);  // timeout after 250 ms\n    });\n\ndevelopment\n-----------\nInstall the dependent packages by running:\n\n    npm install\n\nRun the specs before you send your pull request:\n\n    scripts/specs\n\nor\n\n    scripts/specs --verbose\n',
35 silly resolved     readmeFilename: 'README.md',
35 silly resolved     _id: 'jasmine-node@1.0.28',
35 silly resolved     _from: 'jasmine-node' } ]
36 info install jasmine-node@1.0.28 into /usr/local/lib
37 info installOne jasmine-node@1.0.28
38 verbose from cache /Users/timmyschiller/.npm/jasmine-node/1.0.28/package/package.json
39 info /usr/local/lib/node_modules/jasmine-node unbuild
40 verbose read json /usr/local/lib/node_modules/jasmine-node/package.json
41 info preuninstall jasmine-node@1.0.28
42 info uninstall jasmine-node@1.0.28
43 verbose true,/usr/local/lib/node_modules,/usr/local/lib/node_modules unbuild jasmine-node@1.0.28
44 verbose /usr/local/bin,[object Object] binRoot
45 info /usr/local/lib/node_modules/jasmine-node unbuild
46 verbose read json /usr/local/lib/node_modules/jasmine-node/package.json
47 info preuninstall jasmine-node@1.0.28
48 info uninstall jasmine-node@1.0.28
49 verbose true,/usr/local/lib/node_modules,/usr/local/lib/node_modules unbuild jasmine-node@1.0.28
50 verbose /usr/local/bin,[object Object] binRoot
51 error error rolling back Error: EPERM, chmod '/usr/local/bin/jasmine-node'
51 error error rolling back  jasmine-node@1.0.28 { [Error: EPERM, chmod '/usr/local/bin/jasmine-node'] errno: 50, code: 'EPERM', path: '/usr/local/bin/jasmine-node' }
52 error Error: EPERM, chmod '/usr/local/bin/jasmine-node'
52 error  { [Error: EPERM, chmod '/usr/local/bin/jasmine-node'] errno: 50, code: 'EPERM', path: '/usr/local/bin/jasmine-node' }
53 error Please try running this command again as root/Administrator.
54 error System Darwin 12.2.1
55 error command "node" "/usr/local/bin/npm" "install" "jasmine-node" "-g"
56 error cwd /Users/timmyschiller/Documents/catalyst/sql/spec
57 error node -v v0.8.14
58 error npm -v 1.1.65
59 error path /usr/local/bin/jasmine-node
60 error code EPERM
61 error errno 50
62 error stack Error: EPERM, chmod '/usr/local/bin/jasmine-node'
63 verbose exit [ 50, true ]
